Start testing: Jan 26 12:43 CET
----------------------------------------------------------
1/2 Testing: demo_basic
1/2 Test: demo_basic
Command: "/opt/iit/src/yarp/src/idls/rosmsg/tests/demo/build/demo_test" "--help"
Directory: /opt/iit/src/yarp/src/idls/rosmsg/tests/demo/build
"demo_basic" start time: Jan 26 12:43 CET
Output:
----------------------------------------------------------
yarp: 0 | RosMsg: test lists regular
yarp: Port /p1 active at tcp://127.0.0.1:10002
yarp: Port /p2 active at tcp://127.0.0.1:10012
yarp: Receiving input from /p1 to /p2 using tcp
yarp: Sending output from /p1 to /p2 using tcp
yarp: 0 | RosMsg:   [read ok] passed ok
yarp: 0 | RosMsg:   [int ok] passed ok
yarp: 0 | RosMsg:   [string in list ok] passed ok
yarp: 0 | RosMsg:   [byte in list ok] passed ok
yarp: Removing input from /p1 to /p2
yarp: Removing output from /p1 to /p2
yarp: 0 | RosMsg: test lists bottle
yarp: Port /p1 active at tcp://127.0.0.1:10002
yarp: Port /p2 active at tcp://127.0.0.1:10012
yarp: Receiving input from /p1 to /p2 using tcp
yarp: Sending output from /p1 to /p2 using tcp
yarp: 0 | RosMsg:   [read ok] passed ok
yarp: 0 | RosMsg:   [int ok] passed ok
yarp: 0 | RosMsg:   [string in list ok] passed ok
yarp: 0 | RosMsg:   [byte in list ok] passed ok
yarp: Removing input from /p1 to /p2
yarp: Removing output from /p1 to /p2
yarp: 0 | RosMsg: test lists ros
yarp: Port /p1 active at tcp://127.0.0.1:10002
yarp: Port /p2 active at tcp://127.0.0.1:10012
yarp: Receiving input from /p1 to /p2 using tcp
yarp: Sending output from /p1 to /p2 using tcp
yarp: 0 | RosMsg:   [read ok] passed ok
yarp: 0 | RosMsg:   [int ok] passed ok
yarp: 0 | RosMsg:   [string in list ok] passed ok
yarp: 0 | RosMsg:   [byte in list ok] passed ok
yarp: Removing input from /p1 to /p2
yarp: Removing output from /p1 to /p2

*** test_signs()

*** ok!

*** test_serialization()
*** hello (1.0 2.0) (ok!)
<end of output>
Test time =   0.03 sec
----------------------------------------------------------
Test Passed.
"demo_basic" end time: Jan 26 12:43 CET
"demo_basic" time elapsed: 00:00:00
----------------------------------------------------------

2/2 Testing: demo_basic2
2/2 Test: demo_basic2
Command: "/opt/iit/src/yarp/src/idls/rosmsg/tests/demo/build/demo_test2" "--help"
Directory: /opt/iit/src/yarp/src/idls/rosmsg/tests/demo/build
"demo_basic2" start time: Jan 26 12:43 CET
Output:
----------------------------------------------------------
yarp: 0 | RosMsg: test lists regular
yarp: Port /p1 active at tcp://127.0.0.1:10002
yarp: Port /p2 active at tcp://127.0.0.1:10012
yarp: Receiving input from /p1 to /p2 using tcp
yarp: Sending output from /p1 to /p2 using tcp
yarp: 0 | RosMsg:   [read ok] passed ok
yarp: 0 | RosMsg:   [int ok] passed ok
yarp: 0 | RosMsg:   [string in list ok] passed ok
yarp: 0 | RosMsg:   [byte in list ok] passed ok
yarp: Removing input from /p1 to /p2
yarp: Removing output from /p1 to /p2
yarp: 0 | RosMsg: test lists bottle
yarp: Port /p1 active at tcp://127.0.0.1:10002
yarp: Port /p2 active at tcp://127.0.0.1:10012
yarp: Receiving input from /p1 to /p2 using tcp
yarp: Sending output from /p1 to /p2 using tcp
yarp: 0 | RosMsg:   [read ok] passed ok
yarp: 0 | RosMsg:   [int ok] passed ok
yarp: 0 | RosMsg:   [string in list ok] passed ok
yarp: 0 | RosMsg:   [byte in list ok] passed ok
yarp: Removing input from /p1 to /p2
yarp: Removing output from /p1 to /p2
yarp: 0 | RosMsg: test lists ros
yarp: Port /p1 active at tcp://127.0.0.1:10002
yarp: Port /p2 active at tcp://127.0.0.1:10012
yarp: Receiving input from /p1 to /p2 using tcp
yarp: Sending output from /p1 to /p2 using tcp
yarp: 0 | RosMsg:   [read ok] passed ok
yarp: 0 | RosMsg:   [int ok] passed ok
yarp: 0 | RosMsg:   [string in list ok] passed ok
yarp: 0 | RosMsg:   [byte in list ok] passed ok
yarp: Removing input from /p1 to /p2
yarp: Removing output from /p1 to /p2

*** test_signs()

*** ok!

*** test_serialization()
*** hello (1.0 2.0) (ok!)
<end of output>
Test time =   0.03 sec
----------------------------------------------------------
Test Passed.
"demo_basic2" end time: Jan 26 12:43 CET
"demo_basic2" time elapsed: 00:00:00
----------------------------------------------------------

End testing: Jan 26 12:43 CET
